2022/05/07 16:36:13 [emerg] 1#1: host not found in upstream "php" in /etc/nginx/conf.d/default.conf:23
2022/05/07 16:40:28 [emerg] 1#1: host not found in upstream "php" in /etc/nginx/conf.d/default.conf:23
2022/05/07 16:49:02 [emerg] 1#1: host not found in upstream "php" in /etc/nginx/conf.d/default.conf:23
2022/05/07 16:52:43 [emerg] 1#1: host not found in upstream "php" in /etc/nginx/conf.d/default.conf:23
2022/05/07 16:58:09 [emerg] 1#1: host not found in upstream "php" in /etc/nginx/conf.d/default.conf:23
2022/05/07 16:58:33 [emerg] 1#1: host not found in upstream "fpm" in /etc/nginx/conf.d/default.conf:23
2022/05/07 17:00:35 [notice] 1#1: using the "epoll" event method
2022/05/07 17:00:35 [notice] 1#1: nginx/1.21.5
2022/05/07 17:00:35 [notice] 1#1: built by gcc 10.2.1 20210110 (Debian 10.2.1-6) 
2022/05/07 17:00:35 [notice] 1#1: OS: Linux 5.10.104-linuxkit
2022/05/07 17:00:35 [notice] 1#1: getrlimit(RLIMIT_NOFILE): 1048576:1048576
2022/05/07 17:00:35 [notice] 1#1: start worker processes
2022/05/07 17:00:35 [notice] 1#1: start worker process 32
2022/05/07 17:00:35 [notice] 1#1: start worker process 33
2022/05/07 17:00:35 [notice] 1#1: start worker process 34
2022/05/07 17:00:35 [notice] 1#1: start worker process 35
2022/05/07 17:04:44 [notice] 1#1: signal 3 (SIGQUIT) received, shutting down
2022/05/07 17:04:44 [notice] 33#33: gracefully shutting down
2022/05/07 17:04:44 [notice] 32#32: gracefully shutting down
2022/05/07 17:04:44 [notice] 32#32: exiting
2022/05/07 17:04:44 [notice] 34#34: gracefully shutting down
2022/05/07 17:04:44 [notice] 34#34: exiting
2022/05/07 17:04:44 [notice] 35#35: gracefully shutting down
2022/05/07 17:04:44 [notice] 33#33: exiting
2022/05/07 17:04:44 [notice] 32#32: exit
2022/05/07 17:04:44 [notice] 34#34: exit
2022/05/07 17:04:44 [notice] 35#35: exiting
2022/05/07 17:04:44 [notice] 35#35: exit
2022/05/07 17:04:44 [notice] 33#33: exit
2022/05/07 17:04:44 [notice] 1#1: signal 17 (SIGCHLD) received from 32
2022/05/07 17:04:44 [notice] 1#1: worker process 32 exited with code 0
2022/05/07 17:04:44 [notice] 1#1: signal 29 (SIGIO) received
2022/05/07 17:04:44 [notice] 1#1: signal 17 (SIGCHLD) received from 34
2022/05/07 17:04:44 [notice] 1#1: worker process 34 exited with code 0
2022/05/07 17:04:44 [notice] 1#1: worker process 35 exited with code 0
2022/05/07 17:04:45 [notice] 1#1: signal 29 (SIGIO) received
2022/05/07 17:04:45 [notice] 1#1: signal 17 (SIGCHLD) received from 35
2022/05/07 17:04:45 [notice] 1#1: worker process 33 exited with code 0
2022/05/07 17:04:45 [notice] 1#1: exit
